Build started 16-Jan-17 1:35:19 PM.
     1>Project "E:\Project2\Project2\Project2.vcxproj" on node 2 (build target(s)).
     1>InitializeBuildStatus:
         Creating "Debug\Project2.unsuccessfulbuild" because "AlwaysCreate" was specified.
       GenerateTargetFrameworkMonikerAttribute:
       Skipping target "GenerateTargetFrameworkMonikerAttribute" because all output files are up-to-date with respect to the input files.
       ClCompile:
         C:\Program Files (x86)\Microsoft Visual Studio 10.0\VC\bin\CL.exe /c /AI"C:\Program Files (x86)\Reference Assemblies\Microsoft\Framework\.NETFramework\v4.0" /Zi /clr:pure /nologo /W3 /WX- /Od /Oy- /D WIN32 /D _DEBUG /D _UNICODE /D UNICODE /EHa /MDd /GS /fp:precise /Zc:wchar_t /Zc:forScope /Yc"StdAfx.h" /Fp"Debug\Project2.pch" /Fo"Debug\\" /Fd"Debug\vc100.pdb" /TP /FUC:\Windows\Microsoft.Net\assembly\GAC_MSIL\MySql.Data\v4.0_6.3.7.0__c5687fc88969c44d\MySql.Data.dll /FU"C:\Program Files (x86)\Reference Assemblies\Microsoft\Framework\.NETFramework\v4.0\System.Core.dll" /FU"C:\Program Files (x86)\Reference Assemblies\Microsoft\Framework\.NETFramework\v4.0\System.Data.dll" /FU"C:\Program Files (x86)\Reference Assemblies\Microsoft\Framework\.NETFramework\v4.0\System.dll" /FU"C:\Program Files (x86)\Reference Assemblies\Microsoft\Framework\.NETFramework\v4.0\System.Drawing.dll" /FU"C:\Program Files (x86)\Reference Assemblies\Microsoft\Framework\.NETFramework\v4.0\System.Windows.Forms.dll" /FU"C:\Program Files (x86)\Reference Assemblies\Microsoft\Framework\.NETFramework\v4.0\System.Xml.dll" /analyze- /errorReport:prompt stdafx.cpp /clr:nostdlib 
         stdafx.cpp
         C:\Program Files (x86)\Microsoft Visual Studio 10.0\VC\bin\CL.exe /c /AI"C:\Program Files (x86)\Reference Assemblies\Microsoft\Framework\.NETFramework\v4.0" /Zi /clr:pure /nologo /W3 /WX- /Od /Oy- /D WIN32 /D _DEBUG /D _UNICODE /D UNICODE /EHa /MDd /GS /fp:precise /Zc:wchar_t /Zc:forScope /Yu"StdAfx.h" /Fp"Debug\Project2.pch" /Fo"Debug\\" /Fd"Debug\vc100.pdb" /TP /FUC:\Windows\Microsoft.Net\assembly\GAC_MSIL\MySql.Data\v4.0_6.3.7.0__c5687fc88969c44d\MySql.Data.dll /FU"C:\Program Files (x86)\Reference Assemblies\Microsoft\Framework\.NETFramework\v4.0\System.Core.dll" /FU"C:\Program Files (x86)\Reference Assemblies\Microsoft\Framework\.NETFramework\v4.0\System.Data.dll" /FU"C:\Program Files (x86)\Reference Assemblies\Microsoft\Framework\.NETFramework\v4.0\System.dll" /FU"C:\Program Files (x86)\Reference Assemblies\Microsoft\Framework\.NETFramework\v4.0\System.Drawing.dll" /FU"C:\Program Files (x86)\Reference Assemblies\Microsoft\Framework\.NETFramework\v4.0\System.Windows.Forms.dll" /FU"C:\Program Files (x86)\Reference Assemblies\Microsoft\Framework\.NETFramework\v4.0\System.Xml.dll" /analyze- /errorReport:prompt AssemblyInfo.cpp Form2.cpp Form3.cpp Form4.cpp Project2.cpp /clr:nostdlib 
         AssemblyInfo.cpp
         Form2.cpp
     1>e:\project2\project2\Form3.h(338): warning C4101: 'myReader' : unreferenced local variable
     1>e:\project2\project2\Form3.h(363): warning C4101: 'myReader' : unreferenced local variable
         Form3.cpp
     1>e:\project2\project2\Form3.h(338): warning C4101: 'myReader' : unreferenced local variable
     1>e:\project2\project2\Form3.h(363): warning C4101: 'myReader' : unreferenced local variable
         Form4.cpp
         Project2.cpp
     1>e:\project2\project2\Form3.h(338): warning C4101: 'myReader' : unreferenced local variable
     1>e:\project2\project2\Form3.h(363): warning C4101: 'myReader' : unreferenced local variable
         Generating Code...
         All outputs are up-to-date.
       CoreResGen:
         No resources are out of date with respect to their source files. Skipping resource generation.
       ResourceCompile:
         C:\Program Files (x86)\Microsoft SDKs\Windows\v7.0A\bin\rc.exe /D _UNICODE /D UNICODE /l"0x0409" /nologo /fo"Debug\app.res" app.rc 
       Link:
         C:\Program Files (x86)\Microsoft Visual Studio 10.0\VC\bin\link.exe /ERRORREPORT:PROMPT /OUT:"E:\Project2\Debug\Project2.exe" /INCREMENTAL /NOLOGO /ASSEMBLYRESOURCE:Debug\Project2.Form1.resources /ASSEMBLYRESOURCE:Debug\Project2.Form2.resources /ASSEMBLYRESOURCE:Debug\Project2.Form3.resources /ASSEMBLYRESOURCE:Debug\Project2.Form4.resources /MANIFEST /ManifestFile:"Debug\Project2.exe.intermediate.manifest" /MANIFESTUAC:"level='asInvoker' uiAccess='false'" /DEBUG /PDB:"E:\Project2\Debug\Project2.pdb" /ASSEMBLYDEBUG /SUBSYSTEM:WINDOWS /TLBID:1 /ENTRY:"main" /DYNAMICBASE /FIXED:NO /NXCOMPAT /MACHINE:X86 Debug\app.res
         Debug\AssemblyInfo.obj
         Debug\Form2.obj
         Debug\Form3.obj
         Debug\Form4.obj
         Debug\Project2.obj
         Debug\stdafx.obj
         "Debug\.NETFramework,Version=v4.0.AssemblyAttributes.obj"
         Project2.vcxproj -> E:\Project2\Debug\Project2.exe
       Manifest:
         C:\Program Files (x86)\Microsoft SDKs\Windows\v7.0A\bin\mt.exe /nologo /verbose /outputresource:"E:\Project2\Debug\Project2.exe;#1" /manifest Debug\Project2.exe.intermediate.manifest
       FinalizeBuildStatus:
         Deleting file "Debug\Project2.unsuccessfulbuild".
         Touching "Debug\Project2.lastbuildstate".
     1>Done Building Project "E:\Project2\Project2\Project2.vcxproj" (build target(s)).

Build succeeded.

Time Elapsed 00:00:46.44
